<?xml version="1.0" encoding="UTF-8"?>
<!-- Generated by org.testng.reporters.JUnitReportReporter -->
<testsuite hostname="LAPTOP-IVNS6M7R" failures="0" tests="9" name="com.tcs.testcases.supplierLoginPage" time="46.657" errors="0" timestamp="2022-11-08T09:01:38 IST" skipped="0">
  <testcase classname="com.tcs.testcases.supplierLoginPage" name="verifySuplierLoginPage" time="18.386"/>
  <system-out/>
  <testcase classname="com.tcs.testcases.supplierLoginPage" name="verify_Salesoverview_Revenue" time="0.084"/>
  <system-out/>
  <testcase classname="com.tcs.testcases.supplierLoginPage" name="verify_modules" time="2.083"/>
  <system-out/>
  <testcase classname="com.tcs.testcases.supplierLoginPage" name="verify_pending" time="8.706"/>
  <system-out/>
  <testcase classname="com.tcs.testcases.supplierLoginPage" name="verifyLoginWithBlankEmailAndBlankPassword" time="3.120"/>
  <system-out/>
  <testcase classname="com.tcs.testcases.supplierLoginPage" name="verifyLoginWithValidEmailAndBlankPassword" time="3.384"/>
  <system-out/>
  <testcase classname="com.tcs.testcases.supplierLoginPage" name="verifyLoginWithBlankEmailAndvalidPassword" time="3.514"/>
  <system-out/>
  <testcase classname="com.tcs.testcases.supplierLoginPage" name="verifyLoginWithValidEmailAndInvalidPassword" time="3.545"/>
  <system-out/>
  <testcase classname="com.tcs.testcases.supplierLoginPage" name="verifyLoginWithInValidEmailAndvalidPassword" time="3.835"/>
  <system-out/>
</testsuite> <!-- com.tcs.testcases.supplierLoginPage -->
