<?xml version="1.0" encoding="UTF-8"?>
<!-- Generated by org.testng.reporters.JUnitReportReporter -->
<testsuite hostname="LAPTOP-IVNS6M7R" failures="0" tests="3" name="com.tcs.testcases.adminlogintest" time="47.071" errors="0" timestamp="2022-11-08T09:04:44 IST" skipped="0">
  <testcase classname="com.tcs.testcases.adminlogintest" name="verifyadminlogin" time="11.033"/>
  <system-out/>
  <testcase classname="com.tcs.testcases.adminlogintest" name="verify_Bookings" time="18.828"/>
  <system-out/>
  <testcase classname="com.tcs.testcases.adminlogintest" name="verify_pending" time="17.210"/>
  <system-out/>
</testsuite> <!-- com.tcs.testcases.adminlogintest -->
