<?xml version="1.0" encoding="UTF-8"?>
<!-- Generated by org.testng.reporters.JUnitReportReporter -->
<testsuite hostname="LAPTOP-IVNS6M7R" failures="0" tests="8" name="com.tcs.testcases.LoginPage" time="156.987" errors="0" timestamp="2022-11-08T08:27:35 IST" skipped="0">
  <testcase classname="com.tcs.testcases.LoginPage" name="verifyHomePage" time="11.945"/>
  <system-out/>
  <testcase classname="com.tcs.testcases.LoginPage" name="verifyLoginPage" time="52.349"/>
  <system-out/>
  <testcase classname="com.tcs.testcases.LoginPage" name="verifyagentLoginPage" time="74.086"/>
  <system-out/>
  <testcase classname="com.tcs.testcases.LoginPage" name="verifyLoginWithBlankEmailAndBlankPassword" time="3.854"/>
  <system-out/>
  <testcase classname="com.tcs.testcases.LoginPage" name="verifyLoginWithValidEmailAndBlankPassword" time="3.224"/>
  <system-out/>
  <testcase classname="com.tcs.testcases.LoginPage" name="verifyLoginWithBlankEmailAndvalidPassword" time="3.259"/>
  <system-out/>
  <testcase classname="com.tcs.testcases.LoginPage" name="verifyLoginWithValidEmailAndInvalidPassword" time="4.731"/>
  <system-out/>
  <testcase classname="com.tcs.testcases.LoginPage" name="verifyLoginWithInValidEmailAndvalidPassword" time="3.539"/>
  <system-out/>
</testsuite> <!-- com.tcs.testcases.LoginPage -->
